#1 [internal] load local bake definitions
#1 reading from stdin 1.73kB done
#1 DONE 0.0s

#2 [score-service internal] load build definition from Dockerfile
#2 transferring dockerfile: 316B done
#2 DONE 0.0s

#3 [game-service internal] load build definition from Dockerfile
#3 transferring dockerfile: 316B done
#3 DONE 0.0s

#4 [player-service internal] load build definition from Dockerfile
#4 transferring dockerfile: 316B done
#4 DONE 0.0s

#5 [game-service internal] load metadata for docker.io/library/maven:3.9-eclipse-temurin-25
#5 DONE 0.5s

#6 [score-service internal] load metadata for docker.io/library/eclipse-temurin:25-jre-jammy
#6 DONE 0.5s

#7 [player-service internal] load .dockerignore
#7 transferring context: 2B done
#7 DONE 0.0s

#8 [score-service internal] load .dockerignore
#8 transferring context: 2B done
#8 DONE 0.0s

#9 [game-service internal] load .dockerignore
#9 transferring context: 2B done
#9 DONE 0.0s

#10 [game-service stage-1 1/3] FROM docker.io/library/eclipse-temurin:25-jre-jammy@sha256:c3e62cd0cece58d8de8d760ab95a5014f3b5a6ea32178f54270edb5b4aab9d1f
#10 DONE 0.0s

#11 [game-service builder 1/5] FROM docker.io/library/maven:3.9-eclipse-temurin-25@sha256:01ef98a139ed64622c086bac54d1e167453d0f2ff68b69d00978f26d8736215c
#11 DONE 0.0s

#12 [player-service internal] load build context
#12 transferring context: 1.54kB done
#12 DONE 0.0s

#13 [score-service internal] load build context
#13 transferring context: 1.63kB done
#13 DONE 0.0s

#14 [game-service internal] load build context
#14 transferring context: 3.38kB done
#14 DONE 0.0s

#15 [player-service builder 4/5] COPY src ./src
#15 CACHED

#16 [player-service builder 5/5] RUN mvn -q clean package -DskipTests
#16 CACHED

#17 [player-service builder 3/5] COPY pom.xml .
#17 CACHED

#18 [player-service stage-1 3/3] COPY --from=builder /app/target/*.jar app.jar
#18 CACHED

#19 [game-service builder 3/5] COPY pom.xml .
#19 CACHED

#20 [game-service builder 5/5] RUN mvn -q clean package -DskipTests
#20 CACHED

#21 [game-service builder 4/5] COPY src ./src
#21 CACHED

#22 [game-service stage-1 3/3] COPY --from=builder /app/target/*.jar app.jar
#22 CACHED

#23 [score-service builder 5/5] RUN mvn -q clean package -DskipTests
#23 CACHED

#24 [score-service builder 4/5] COPY src ./src
#24 CACHED

#25 [score-service stage-1 2/3] WORKDIR /app
#25 CACHED

#26 [score-service builder 2/5] WORKDIR /app
#26 CACHED

#27 [score-service builder 3/5] COPY pom.xml .
#27 CACHED

#28 [score-service stage-1 3/3] COPY --from=builder /app/target/*.jar app.jar
#28 CACHED

#29 [player-service] exporting to image
#29 exporting layers done
#29 writing image sha256:4a3f4c69a6d9781ce6e2bebd17be8ab93aec0412fbe8e2e5f90783a36e74cb11 done
#29 naming to docker.io/library/projet-player-service done
#29 DONE 0.0s

#30 [score-service] exporting to image
#30 exporting layers done
#30 writing image sha256:15fcb816f491c2b2ed6900cda3f867ec88e415c0ba5888199ddbf4c6d996f5e7 done
#30 naming to docker.io/library/projet-score-service done
#30 DONE 0.0s

#31 [game-service] exporting to image
#31 exporting layers done
#31 writing image sha256:d149c70587dbf458f756a9d5a174fa8e233ffa2018964beefd20d870dd682f55 done
#31 naming to docker.io/library/projet-game-service done
#31 DONE 0.0s

#32 [player-service] resolving provenance for metadata file
#32 DONE 0.0s

#33 [game-service] resolving provenance for metadata file
#33 DONE 0.0s

#34 [score-service] resolving provenance for metadata file
#34 DONE 0.0s
 projet-player-service  Built
 projet-score-service  Built
 projet-game-service  Built
 Network projet_motus-network  Creating
 Network projet_motus-network  Created
 Container player-service  Creating
 Container player-service  Created
 Container score-service  Creating
 Container game-service  Creating
 Container score-service  Created
 Container game-service  Created
Attaching to game-service, player-service, score-service
player-service  | 
player-service  |   .   ____          _            __ _ _
player-service  |  /\\ / ___'_ __ _ _(_)_ __  __ _ \ \ \ \
player-service  | ( ( )\___ | '_ | '_| | '_ \/ _` | \ \ \ \
player-service  |  \\/  ___)| |_)| | | | | || (_| |  ) ) ) )
player-service  |   '  |____| .__|_| |_|_| |_\__, | / / / /
player-service  |  =========|_|==============|___/=/_/_/_/
player-service  | 
player-service  |  :: Spring Boot ::                (v4.0.6)
player-service  | 
player-service  | 2026-06-05T09:54:49.622Z  INFO 1 --- [           main] d.p.p.PlayerServiceApplication           : Starting PlayerServiceApplication v0.0.1-SNAPSHOT using Java 25.0.3 with PID 1 (/app/app.jar started by root in /app)
player-service  | 2026-06-05T09:54:49.623Z  INFO 1 --- [           main] d.p.p.PlayerServiceApplication           : No active profile set, falling back to 1 default profile: "default"
player-service  | 2026-06-05T09:54:50.073Z  INFO 1 --- [           main] .s.d.r.c.RepositoryConfigurationDelegate : Bootstrapping Spring Data JPA repositories in DEFAULT mode.
player-service  | 2026-06-05T09:54:50.095Z  INFO 1 --- [           main] .s.d.r.c.RepositoryConfigurationDelegate : Finished Spring Data repository scanning in 17 ms. Found 1 JPA repository interface.
player-service  | 2026-06-05T09:54:50.399Z  INFO 1 --- [           main] o.s.boot.tomcat.TomcatWebServer          : Tomcat initialized with port 8082 (http)
player-service  | 2026-06-05T09:54:50.407Z  INFO 1 --- [           main] o.apache.catalina.core.StandardService   : Starting service [Tomcat]
player-service  | 2026-06-05T09:54:50.407Z  INFO 1 --- [           main] o.apache.catalina.core.StandardEngine    : Starting Servlet engine: [Apache Tomcat/11.0.21]
player-service  | 2026-06-05T09:54:50.420Z  INFO 1 --- [           main] b.w.c.s.WebApplicationContextInitializer : Root WebApplicationContext: initialization completed in 767 ms
player-service  | 2026-06-05T09:54:50.620Z  INFO 1 --- [           main] org.hibernate.orm.jpa                    : HHH008540: Processing PersistenceUnitInfo [name: default]
player-service  | 2026-06-05T09:54:50.660Z  INFO 1 --- [           main] org.hibernate.orm.core                   : HHH000001: Hibernate ORM core version 7.2.12.Final
player-service  | 2026-06-05T09:54:51.008Z  INFO 1 --- [           main] o.s.o.j.p.SpringPersistenceUnitInfo      : No LoadTimeWeaver setup: ignoring JPA class transformer
player-service  | 2026-06-05T09:54:51.029Z  INFO 1 --- [           main] com.zaxxer.hikari.HikariDataSource       : HikariPool-1 - Starting...
player-service  | 2026-06-05T09:54:51.133Z  INFO 1 --- [           main] com.zaxxer.hikari.pool.HikariPool        : HikariPool-1 - Added connection conn0: url=jdbc:h2:mem:player_db user=SA
player-service  | 2026-06-05T09:54:51.134Z  INFO 1 --- [           main] com.zaxxer.hikari.HikariDataSource       : HikariPool-1 - Start completed.
player-service  | 2026-06-05T09:54:51.170Z  INFO 1 --- [           main] org.hibernate.orm.connections.pooling    : HHH10001005: Database info:
player-service  | 	Database JDBC URL [jdbc:h2:mem:player_db]
player-service  | 	Database driver: H2 JDBC Driver
player-service  | 	Database dialect: H2Dialect
player-service  | 	Database version: 2.4.240
player-service  | 	Default catalog/schema: PLAYER_DB/PUBLIC
player-service  | 	Autocommit mode: undefined/unknown
player-service  | 	Isolation level: READ_COMMITTED [default READ_COMMITTED]
player-service  | 	JDBC fetch size: 100
player-service  | 	Pool: DataSourceConnectionProvider
player-service  | 	Minimum pool size: undefined/unknown
player-service  | 	Maximum pool size: undefined/unknown
player-service  | 2026-06-05T09:54:51.582Z  INFO 1 --- [           main] org.hibernate.orm.core                   : HHH000489: No JTA platform available (set 'hibernate.transaction.jta.platform' to enable JTA platform integration)
player-service  | Hibernate: 
player-service  |     create table players (
player-service  |         id bigint generated by default as identity,
player-service  |         email varchar(255) not null,
player-service  |         registration_date timestamp(6),
player-service  |         username varchar(255) not null,
player-service  |         primary key (id)
player-service  |     )
player-service  | Hibernate: 
player-service  |     alter table if exists players 
player-service  |        drop constraint if exists UKpnrwm9bkjel7qss1ekm05j953
player-service  | Hibernate: 
player-service  |     alter table if exists players 
player-service  |        add constraint UKpnrwm9bkjel7qss1ekm05j953 unique (email)
player-service  | Hibernate: 
player-service  |     alter table if exists players 
player-service  |        drop constraint if exists UKp1chj5w2v1nune5xmmd94u1yj
player-service  | Hibernate: 
player-service  |     alter table if exists players 
player-service  |        add constraint UKp1chj5w2v1nune5xmmd94u1yj unique (username)
player-service  | 2026-06-05T09:54:51.617Z  INFO 1 --- [           main] j.LocalContainerEntityManagerFactoryBean : Initialized JPA EntityManagerFactory for persistence unit 'default'
player-service  | 2026-06-05T09:54:51.676Z  INFO 1 --- [           main] o.s.d.j.r.query.QueryEnhancerFactories   : Hibernate is in classpath; If applicable, HQL parser will be used.
player-service  | 2026-06-05T09:54:51.827Z  WARN 1 --- [           main] JpaBaseConfiguration$JpaWebConfiguration : spring.jpa.open-in-view is enabled by default. Therefore, database queries may be performed during view rendering. Explicitly configure spring.jpa.open-in-view to disable this warning
player-service  | 2026-06-05T09:54:52.158Z  INFO 1 --- [           main] o.s.b.a.e.web.EndpointLinksResolver      : Exposing 1 endpoint beneath base path '/actuator'
player-service  | 2026-06-05T09:54:52.261Z  INFO 1 --- [           main] o.s.boot.tomcat.TomcatWebServer          : Tomcat started on port 8082 (http) with context path '/'
player-service  | 2026-06-05T09:54:52.273Z  INFO 1 --- [           main] d.p.p.PlayerServiceApplication           : Started PlayerServiceApplication in 2.991 seconds (process running for 3.366)
Gracefully Stopping... press Ctrl+C again to force
dependency failed to start: container player-service is unhealthy
 Container game-service  Stopping
